[0.930s] Invoking command in '/home/parallels/Desktop/auto_assign1/cvt_as/mscvt/src/mscvt_ros': PYTHONPATH=/home/parallels/Desktop/auto_assign1/cvt_as/mscvt/src/mscvt_ros/build/mscvt_ros/prefix_override:/usr/lib/python3/dist-packages/colcon_core/task/python/colcon_distutils_commands:/home/parallels/Desktop/auto_assign1/cvt_as/mscvt/src/mscvt_ros/install/mscvt_ros/lib/python3.10/site-packages:${PYTHONPATH} /usr/bin/python3 -W ignore:setup.py install is deprecated setup.py egg_info --egg-base build/mscvt_ros build --build-base /home/parallels/Desktop/auto_assign1/cvt_as/mscvt/src/mscvt_ros/build/mscvt_ros/build install --record /home/parallels/Desktop/auto_assign1/cvt_as/mscvt/src/mscvt_ros/build/mscvt_ros/install.log --single-version-externally-managed install_data
[1.160s] running egg_info
[1.174s] writing build/mscvt_ros/mscvt_ros.egg-info/PKG-INFO
[1.176s] writing dependency_links to build/mscvt_ros/mscvt_ros.egg-info/dependency_links.txt
[1.176s] writing entry points to build/mscvt_ros/mscvt_ros.egg-info/entry_points.txt
[1.176s] writing requirements to build/mscvt_ros/mscvt_ros.egg-info/requires.txt
[1.176s] writing top-level names to build/mscvt_ros/mscvt_ros.egg-info/top_level.txt
[1.207s] reading manifest file 'build/mscvt_ros/mscvt_ros.egg-info/SOURCES.txt'
[1.208s] writing manifest file 'build/mscvt_ros/mscvt_ros.egg-info/SOURCES.txt'
[1.209s] running build
[1.209s] running build_py
[1.211s] copying mscvt_ros/campus_map_publisher.py -> /home/parallels/Desktop/auto_assign1/cvt_as/mscvt/src/mscvt_ros/build/mscvt_ros/build/lib/mscvt_ros
[1.212s] copying mscvt_ros/bi_node.py -> /home/parallels/Desktop/auto_assign1/cvt_as/mscvt/src/mscvt_ros/build/mscvt_ros/build/lib/mscvt_ros
[1.214s] copying mscvt_ros/__init__.py -> /home/parallels/Desktop/auto_assign1/cvt_as/mscvt/src/mscvt_ros/build/mscvt_ros/build/lib/mscvt_ros
[1.214s] copying mscvt_ros/visitor_node.py -> /home/parallels/Desktop/auto_assign1/cvt_as/mscvt/src/mscvt_ros/build/mscvt_ros/build/lib/mscvt_ros
[1.216s] running install
[1.220s] running install_lib
[1.238s] running install_data
[1.238s] copying resource/mscvt_ros -> /home/parallels/Desktop/auto_assign1/cvt_as/mscvt/src/mscvt_ros/install/mscvt_ros/share/ament_index/resource_index/packages
[1.239s] copying package.xml -> /home/parallels/Desktop/auto_assign1/cvt_as/mscvt/src/mscvt_ros/install/mscvt_ros/share/mscvt_ros
[1.239s] copying rviz_config.rviz -> /home/parallels/Desktop/auto_assign1/cvt_as/mscvt/src/mscvt_ros/install/mscvt_ros/share/mscvt_ros
[1.239s] running install_egg_info
[1.255s] removing '/home/parallels/Desktop/auto_assign1/cvt_as/mscvt/src/mscvt_ros/install/mscvt_ros/lib/python3.10/site-packages/mscvt_ros-0.0.0-py3.10.egg-info' (and everything under it)
[1.257s] Copying build/mscvt_ros/mscvt_ros.egg-info to /home/parallels/Desktop/auto_assign1/cvt_as/mscvt/src/mscvt_ros/install/mscvt_ros/lib/python3.10/site-packages/mscvt_ros-0.0.0-py3.10.egg-info
[1.258s] running install_scripts
[1.388s] Installing campus_map_publisher script to /home/parallels/Desktop/auto_assign1/cvt_as/mscvt/src/mscvt_ros/install/mscvt_ros/lib/mscvt_ros
[1.389s] writing list of installed files to '/home/parallels/Desktop/auto_assign1/cvt_as/mscvt/src/mscvt_ros/build/mscvt_ros/install.log'
[1.409s] Invoked command in '/home/parallels/Desktop/auto_assign1/cvt_as/mscvt/src/mscvt_ros' returned '0': PYTHONPATH=/home/parallels/Desktop/auto_assign1/cvt_as/mscvt/src/mscvt_ros/build/mscvt_ros/prefix_override:/usr/lib/python3/dist-packages/colcon_core/task/python/colcon_distutils_commands:/home/parallels/Desktop/auto_assign1/cvt_as/mscvt/src/mscvt_ros/install/mscvt_ros/lib/python3.10/site-packages:${PYTHONPATH} /usr/bin/python3 -W ignore:setup.py install is deprecated setup.py egg_info --egg-base build/mscvt_ros build --build-base /home/parallels/Desktop/auto_assign1/cvt_as/mscvt/src/mscvt_ros/build/mscvt_ros/build install --record /home/parallels/Desktop/auto_assign1/cvt_as/mscvt/src/mscvt_ros/build/mscvt_ros/install.log --single-version-externally-managed install_data
